1667394601.074941 client started (48690): version 3.0a, socket /tmp/tmux-1000/default, protocol 8
1667394601.074973 on Linux 5.15.0-50-generic #56~20.04.1-Ubuntu SMP Tue Sep 27 15:51:29 UTC 2022; libevent 2.1.11-stable (poll)
1667394601.074996 socket is /tmp/tmux-1000/default
1667394601.075009 trying connect
1667394601.075025 connect failed: Connection refused
1667394601.075035 lock file is /tmp/tmux-1000/default.lock
1667394601.075070 flock succeeded
1667394601.075075 got lock (6)
1667394601.075083 trying connect
1667394601.075092 connect failed: Connection refused
1667394601.075306 add peer 0x55c11f7effc0: 7 ((nil))
1667394601.075415 sending message 100 to peer 0x55c11f7effc0 (4 bytes)
1667394601.075422 sending message 101 to peer 0x55c11f7effc0 (15 bytes)
1667394601.075425 sending message 102 to peer 0x55c11f7effc0 (11 bytes)
1667394601.075429 sending message 108 to peer 0x55c11f7effc0 (41 bytes)
1667394601.075433 sending message 104 to peer 0x55c11f7effc0 (0 bytes)
1667394601.075436 sending message 107 to peer 0x55c11f7effc0 (4 bytes)
1667394601.075439 sending message 105 to peer 0x55c11f7effc0 (34 bytes)
1667394601.075450 sending message 105 to peer 0x55c11f7effc0 (41 bytes)
1667394601.075453 sending message 105 to peer 0x55c11f7effc0 (78 bytes)
1667394601.075456 sending message 105 to peer 0x55c11f7effc0 (86 bytes)
1667394601.075460 sending message 105 to peer 0x55c11f7effc0 (19 bytes)
1667394601.075468 sending message 105 to peer 0x55c11f7effc0 (34 bytes)
1667394601.075473 sending message 105 to peer 0x55c11f7effc0 (13 bytes)
1667394601.075476 sending message 105 to peer 0x55c11f7effc0 (34 bytes)
1667394601.075479 sending message 105 to peer 0x55c11f7effc0 (18 bytes)
1667394601.075483 sending message 105 to peer 0x55c11f7effc0 (18 bytes)
1667394601.075486 sending message 105 to peer 0x55c11f7effc0 (33 bytes)
1667394601.075489 sending message 105 to peer 0x55c11f7effc0 (20 bytes)
1667394601.075492 sending message 105 to peer 0x55c11f7effc0 (18 bytes)
1667394601.075495 sending message 105 to peer 0x55c11f7effc0 (52 bytes)
1667394601.075498 sending message 105 to peer 0x55c11f7effc0 (15 bytes)
1667394601.075501 sending message 105 to peer 0x55c11f7effc0 (21 bytes)
1667394601.075504 sending message 105 to peer 0x55c11f7effc0 (23 bytes)
1667394601.075507 sending message 105 to peer 0x55c11f7effc0 (32 bytes)
1667394601.075511 sending message 105 to peer 0x55c11f7effc0 (45 bytes)
1667394601.075514 sending message 105 to peer 0x55c11f7effc0 (35 bytes)
1667394601.075517 sending message 105 to peer 0x55c11f7effc0 (23 bytes)
1667394601.075520 sending message 105 to peer 0x55c11f7effc0 (54 bytes)
1667394601.075523 sending message 105 to peer 0x55c11f7effc0 (34 bytes)
1667394601.075526 sending message 105 to peer 0x55c11f7effc0 (28 bytes)
1667394601.075529 sending message 105 to peer 0x55c11f7effc0 (45 bytes)
1667394601.075532 sending message 105 to peer 0x55c11f7effc0 (13 bytes)
1667394601.075536 sending message 105 to peer 0x55c11f7effc0 (27 bytes)
1667394601.075539 sending message 105 to peer 0x55c11f7effc0 (23 bytes)
1667394601.075542 sending message 105 to peer 0x55c11f7effc0 (19 bytes)
1667394601.075545 sending message 105 to peer 0x55c11f7effc0 (44 bytes)
1667394601.075548 sending message 105 to peer 0x55c11f7effc0 (16 bytes)
1667394601.075551 sending message 105 to peer 0x55c11f7effc0 (17 bytes)
1667394601.075554 sending message 105 to peer 0x55c11f7effc0 (18 bytes)
1667394601.075557 sending message 105 to peer 0x55c11f7effc0 (29 bytes)
1667394601.075560 sending message 105 to peer 0x55c11f7effc0 (35 bytes)
1667394601.075563 sending message 105 to peer 0x55c11f7effc0 (32 bytes)
1667394601.075567 sending message 105 to peer 0x55c11f7effc0 (31 bytes)
1667394601.075570 sending message 105 to peer 0x55c11f7effc0 (20 bytes)
1667394601.075573 sending message 105 to peer 0x55c11f7effc0 (15 bytes)
1667394601.075576 sending message 105 to peer 0x55c11f7effc0 (21 bytes)
1667394601.075579 sending message 105 to peer 0x55c11f7effc0 (385 bytes)
1667394601.075582 sending message 105 to peer 0x55c11f7effc0 (19 bytes)
1667394601.075585 sending message 105 to peer 0x55c11f7effc0 (33 bytes)
1667394601.075595 sending message 105 to peer 0x55c11f7effc0 (35 bytes)
1667394601.075598 sending message 105 to peer 0x55c11f7effc0 (47 bytes)
1667394601.075602 sending message 105 to peer 0x55c11f7effc0 (8 bytes)
1667394601.075605 sending message 105 to peer 0x55c11f7effc0 (41 bytes)
1667394601.075608 sending message 105 to peer 0x55c11f7effc0 (33 bytes)
1667394601.075611 sending message 105 to peer 0x55c11f7effc0 (85 bytes)
1667394601.075614 sending message 105 to peer 0x55c11f7effc0 (23 bytes)
1667394601.075617 sending message 105 to peer 0x55c11f7effc0 (20 bytes)
1667394601.075620 sending message 105 to peer 0x55c11f7effc0 (18 bytes)
1667394601.075623 sending message 105 to peer 0x55c11f7effc0 (11 bytes)
1667394601.075627 sending message 105 to peer 0x55c11f7effc0 (35 bytes)
1667394601.075630 sending message 105 to peer 0x55c11f7effc0 (45 bytes)
1667394601.075633 sending message 105 to peer 0x55c11f7effc0 (31 bytes)
1667394601.075636 sending message 105 to peer 0x55c11f7effc0 (11 bytes)
1667394601.075639 sending message 105 to peer 0x55c11f7effc0 (8 bytes)
1667394601.075642 sending message 105 to peer 0x55c11f7effc0 (32 bytes)
1667394601.075646 sending message 105 to peer 0x55c11f7effc0 (1506 bytes)
1667394601.075651 sending message 105 to peer 0x55c11f7effc0 (19 bytes)
1667394601.075655 sending message 105 to peer 0x55c11f7effc0 (69 bytes)
1667394601.075658 sending message 105 to peer 0x55c11f7effc0 (16 bytes)
1667394601.075661 sending message 106 to peer 0x55c11f7effc0 (0 bytes)
1667394601.075665 sending message 200 to peer 0x55c11f7effc0 (4 bytes)
1667394601.075668 client loop enter
1667394601.122640 peer 0x55c11f7effc0 message 207
1667394601.122651 sending message 208 to peer 0x55c11f7effc0 (0 bytes)
1667394605.092103 peer 0x55c11f7effc0 message 203
1667394605.092112 sending message 205 to peer 0x55c11f7effc0 (0 bytes)
1667394605.092303 peer 0x55c11f7effc0 message 204
1667394605.092315 client loop exit
